<?xml version="1.0" encoding="UTF-8"?>
<!-- Generated by org.testng.reporters.JUnitXMLReporter -->
<testsuite ignored="0" hostname="MSDT083" failures="1" tests="1" name="E2E HEL Funnel Form" time="3.868" errors="0" timestamp="2024-05-17T14:52:11 IST">
  <testcase classname="Test.BaseTest" name="@BeforeClass setUp" time="2.953">
    <failure type="org.openqa.selenium.SessionNotCreatedException" message="session not created: This version of ChromeDriver only supports Chrome version 114
Current browser version is 124.0.6367.207 with binary path C:\Program Files (x86)\Google\Chrome\Application\chrome.exe
Build info: version: &amp;apos;3.141.59&amp;apos;, revision: &amp;apos;e82be7d358&amp;apos;, time: &amp;apos;2018-11-14T08:17:03&amp;apos;
System info: host: &amp;apos;MSDT083&amp;apos;, ip: &amp;apos;192.168.56.1&amp;apos;, os.name: &amp;apos;Windows 10&amp;apos;, os.arch: &amp;apos;amd64&amp;apos;, os.version: &amp;apos;10.0&amp;apos;, java.version: &amp;apos;17.0.8&amp;apos;
Driver info: driver.version: ChromeDriver
remote stacktrace: Backtrace:
	GetHandleVerifier [0x00A6A813+48355]
	(No symbol) [0x009FC4B1]
	(No symbol) [0x00905358]
	(No symbol) [0x009261AC]
	(No symbol) [0x00921EF3]
	(No symbol) [0x00920579]
	(No symbol) [0x00950C55]
	(No symbol) [0x0095093C]
	(No symbol) [0x0094A536]
	(No symbol) [0x009282DC]
	(No symbol) [0x009293DD]
	GetHandleVerifier [0x00CCAABD+2539405]
	GetHandleVerifier [0x00D0A78F+2800735]
	GetHandleVerifier [0x00D0456C+2775612]
	GetHandleVerifier [0x00AF51E0+616112]
	(No symbol) [0x00A05F8C]
	(No symbol) [0x00A02328]
	(No symbol) [0x00A0240B]
	(No symbol) [0x009F4FF7]
	BaseThreadInitThunk [0x765CFCC9+25]
	RtlGetAppContainerNamedObjectPath [0x77817C6E+286]
	RtlGetAppContainerNamedObjectPath [0x77817C3E+238]
">
      <![CDATA[org.openqa.selenium.SessionNotCreatedException: session not created: This version of ChromeDriver only supports Chrome version 114
Current browser version is 124.0.6367.207 with binary path C:\Program Files (x86)\Google\Chrome\Application\chrome.exe
Build info: version: '3.141.59', revision: 'e82be7d358', time: '2018-11-14T08:17:03'
System info: host: 'MSDT083', ip: '192.168.56.1', os.name: 'Windows 10', os.arch: 'amd64', os.version: '10.0', java.version: '17.0.8'
Driver info: driver.version: ChromeDriver
remote stacktrace: Backtrace:
GetHandleVerifier [0x00A6A813+48355]
(No symbol) [0x009FC4B1]
(No symbol) [0x00905358]
(No symbol) [0x009261AC]
(No symbol) [0x00921EF3]
(No symbol) [0x00920579]
(No symbol) [0x00950C55]
(No symbol) [0x0095093C]
(No symbol) [0x0094A536]
(No symbol) [0x009282DC]
(No symbol) [0x009293DD]
GetHandleVerifier [0x00CCAABD+2539405]
GetHandleVerifier [0x00D0A78F+2800735]
GetHandleVerifier [0x00D0456C+2775612]
GetHandleVerifier [0x00AF51E0+616112]
(No symbol) [0x00A05F8C]
(No symbol) [0x00A02328]
(No symbol) [0x00A0240B]
(No symbol) [0x009F4FF7]
BaseThreadInitThunk [0x765CFCC9+25]
RtlGetAppContainerNamedObjectPath [0x77817C6E+286]
RtlGetAppContainerNamedObjectPath [0x77817C3E+238]

at org.openqa.selenium.remote.W3CHandshakeResponse.lambda$errorHandler$0(W3CHandshakeResponse.java:62)
at org.openqa.selenium.remote.HandshakeResponse.lambda$getResponseFunction$0(HandshakeResponse.java:30)
at org.openqa.selenium.remote.ProtocolHandshake.lambda$createSession$0(ProtocolHandshake.java:126)
at java.base/java.util.stream.ReferencePipeline$3$1.accept(ReferencePipeline.java:197)
at java.base/java.util.Spliterators$ArraySpliterator.tryAdvance(Spliterators.java:1002)
at java.base/java.util.stream.ReferencePipeline.forEachWithCancel(ReferencePipeline.java:129)
at java.base/java.util.stream.AbstractPipeline.copyIntoWithCancel(AbstractPipeline.java:527)
at java.base/java.util.stream.AbstractPipeline.copyInto(AbstractPipeline.java:513)
at java.base/java.util.stream.AbstractPipeline.wrapAndCopyInto(AbstractPipeline.java:499)
at java.base/java.util.stream.FindOps$FindOp.evaluateSequential(FindOps.java:150)
at java.base/java.util.stream.AbstractPipeline.evaluate(AbstractPipeline.java:234)
at java.base/java.util.stream.ReferencePipeline.findFirst(ReferencePipeline.java:647)
at org.openqa.selenium.remote.ProtocolHandshake.createSession(ProtocolHandshake.java:128)
at org.openqa.selenium.remote.ProtocolHandshake.createSession(ProtocolHandshake.java:74)
at org.openqa.selenium.remote.HttpCommandExecutor.execute(HttpCommandExecutor.java:136)
at org.openqa.selenium.remote.service.DriverCommandExecutor.execute(DriverCommandExecutor.java:83)
at org.openqa.selenium.remote.RemoteWebDriver.execute(RemoteWebDriver.java:552)
at org.openqa.selenium.remote.RemoteWebDriver.startSession(RemoteWebDriver.java:213)
at org.openqa.selenium.remote.RemoteWebDriver.<init>(RemoteWebDriver.java:131)
at org.openqa.selenium.chrome.ChromeDriver.<init>(ChromeDriver.java:181)
at org.openqa.selenium.chrome.ChromeDriver.<init>(ChromeDriver.java:168)
at org.openqa.selenium.chrome.ChromeDriver.<init>(ChromeDriver.java:123)
at Test.BaseTest.setUp(BaseTest.java:31)
at java.base/java.util.ArrayList.forEach(ArrayList.java:1511)
... Removed 34 stack frames]]>
    </failure>
  </testcase> <!-- @BeforeClass setUp -->
  <testcase classname="Test.BaseTest" name="@AfterClass tearDown" time="-1.715937731797E9">
    <skipped/>
  </testcase> <!-- @AfterClass tearDown -->
  <testcase classname="Test.E2E_Forms_HEL_Funnel" name="login" time="0.851">
    <failure type="org.testng.internal.reflect.MethodMatcherException" message="
[public void Test.E2E_Forms_HEL_Funnel.login(java.lang.String,java.lang.String,int,int) throws java.lang.InterruptedException] has no parameters defined but was found to be using a data provider (either explicitly specified or inherited from class level annotation).
Data provider mismatch
Method: login([Parameter{index=0, type=java.lang.String, declaredAnnotations=[]}, Parameter{index=1, type=java.lang.String, declaredAnnotations=[]}, Parameter{index=2, type=int, declaredAnnotations=[]}, Parameter{index=3, type=int, declaredAnnotations=[]}])
Arguments: [(java.lang.String) https://oscartechnologies.github.io/oscar-embedded-forms/public/test-component/hel-funnel.html?partner=OscarTest,(java.lang.String) 2 Blue Horizon Court, Caledon Village, ON, Canada,(java.lang.String) 50000,(java.lang.String) 12000]">
      <![CDATA[org.testng.internal.reflect.MethodMatcherException: 
[public void Test.E2E_Forms_HEL_Funnel.login(java.lang.String,java.lang.String,int,int) throws java.lang.InterruptedException] has no parameters defined but was found to be using a data provider (either explicitly specified or inherited from class level annotation).
Data provider mismatch
Method: login([Parameter{index=0, type=java.lang.String, declaredAnnotations=[]}, Parameter{index=1, type=java.lang.String, declaredAnnotations=[]}, Parameter{index=2, type=int, declaredAnnotations=[]}, Parameter{index=3, type=int, declaredAnnotations=[]}])
Arguments: [(java.lang.String) https://oscartechnologies.github.io/oscar-embedded-forms/public/test-component/hel-funnel.html?partner=OscarTest,(java.lang.String) 2 Blue Horizon Court, Caledon Village, ON, Canada,(java.lang.String) 50000,(java.lang.String) 12000]
at java.base/java.util.ArrayList.forEach(ArrayList.java:1511)
... Removed 26 stack frames]]>
    </failure>
  </testcase> <!-- login -->
</testsuite> <!-- E2E HEL Funnel Form -->
